
Test_Inputs/NEW_TESTS:

TEST 1 - 1:
0 - 0 - ***
1002003 - 0 - jeff
1020304 - 500 - sean
1030507 - 500 - taylor
1234567 - 0 - test
--------------------------------------
TEST 1 - 2:
Transaction Error
--------------------------------------
TEST 1 - 3:
0 - 0 - ***
1002003 - 0 - jeff
1020304 - 500 - sean
1030507 - 500 - taylor
--------------------------------------


Test_Inputs/WDR_TESTS:

TEST 2 - 1:
0 - 0 - ***
1002003 - 0 - jeff
1020304 - 400 - sean
1030507 - 500 - taylor
--------------------------------------
TEST 2 - 2:
0 - 0 - ***
1002003 - -100 - jeff
1020304 - 500 - sean
1030507 - 500 - taylor
--------------------------------------
TEST 2 - 3:
0 - 0 - ***
1002003 - 0 - jeff
1020304 - 500 - sean
1030507 - 500 - taylor
--------------------------------------
TEST 2 - 4:
Transaction Error
--------------------------------------


